TN:
SF:D:\repository\telegram-actions\packages\core\src\index.ts
FNF:0
FNH:0
DA:1,1
DA:3,1
LF:2
LH:2
BRF:0
BRH:0
end_of_record
TN:
SF:D:\repository\telegram-actions\packages\core\src\telegram-actions.ts
FN:8,(anonymous_0)
FN:19,(anonymous_1)
FN:23,(anonymous_2)
FN:27,(anonymous_3)
FN:28,(anonymous_4)
FN:29,(anonymous_5)
FNF:6
FNH:6
FNDA:1,(anonymous_0)
FNDA:1,(anonymous_1)
FNDA:1,(anonymous_2)
FNDA:1,(anonymous_3)
FNDA:1,(anonymous_4)
FNDA:1,(anonymous_5)
DA:1,1
DA:2,1
DA:5,1
DA:6,1
DA:9,1
DA:10,1
DA:11,1
DA:13,1
DA:14,1
DA:15,1
DA:20,1
DA:24,1
DA:28,1
DA:29,1
DA:30,1
LF:15
LH:15
BRDA:10,0,0,1
BRDA:11,1,0,1
BRDA:14,2,0,1
BRDA:14,2,1,0
BRF:4
BRH:3
end_of_record
TN:
SF:D:\repository\telegram-actions\packages\core\src\actions\index.ts
FNF:0
FNH:0
DA:1,1
LF:1
LH:1
BRF:0
BRH:0
end_of_record
TN:
SF:D:\repository\telegram-actions\packages\core\src\actions\default\actions.ts
FN:5,(anonymous_0)
FNF:1
FNH:1
FNDA:1,(anonymous_0)
DA:3,1
DA:6,1
DA:7,1
DA:8,1
DA:13,1
LF:5
LH:5
BRDA:7,0,0,1
BRDA:7,0,1,0
BRF:2
BRH:1
end_of_record
TN:
SF:D:\repository\telegram-actions\packages\core\src\test\index.ts
FN:11,(anonymous_6)
FN:14,(anonymous_7)
FN:14,(anonymous_8)
FNF:3
FNH:3
FNDA:1,(anonymous_6)
FNDA:1,(anonymous_7)
FNDA:1,(anonymous_8)
DA:1,1
DA:2,1
DA:3,1
DA:5,1
DA:7,1
DA:9,1
DA:11,1
DA:12,1
DA:13,1
DA:14,1
DA:16,1
DA:18,1
DA:19,1
LF:13
LH:13
BRF:0
BRH:0
end_of_record
